-------------------------------------------------------------------------------
Test set: uiTests.LoginToBooksSiteTest
-------------------------------------------------------------------------------
Tests run: 1, Failures: 0, Errors: 1, Skipped: 0, Time elapsed: 0.049 s <<< FAILURE! - in uiTests.LoginToBooksSiteTest
uiTests.LoginToBooksSiteTest.initializationError  Time elapsed: 0.004 s  <<< ERROR!
org.junit.runners.model.InvalidTestClassError: 
Invalid test class 'uiTests.LoginToBooksSiteTest':
  1. Test class should have exactly one public zero-argument constructor
	at org.junit.runners.ParentRunner.validate(ParentRunner.java:525)
	at org.junit.runners.ParentRunner.<init>(ParentRunner.java:102)
	at org.junit.runners.BlockJUnit4ClassRunner.<init>(BlockJUnit4ClassRunner.java:84)
	at org.junit.runners.JUnit4.<init>(JUnit4.java:23)
	at org.junit.internal.builders.JUnit4Builder.runnerForClass(JUnit4Builder.java:10)
	at org.junit.runners.model.RunnerBuilder.safeRunnerForClass(RunnerBuilder.java:70)
	at org.junit.internal.builders.AllDefaultPossibilitiesBuilder.runnerForClass(AllDefaultPossibilitiesBuilder.java:37)
	at org.junit.runners.model.RunnerBuilder.safeRunnerForClass(RunnerBuilder.java:70)
	at org.junit.internal.requests.ClassRequest.createRunner(ClassRequest.java:28)
	at org.junit.internal.requests.MemoizingRequest.getRunner(MemoizingRequest.java:19)
	at org.apache.maven.surefire.junit4.JUnit4Provider.execute(JUnit4Provider.java:374)
	at org.apache.maven.surefire.junit4.JUnit4Provider.executeWithRerun(JUnit4Provider.java:284)
	at org.apache.maven.surefire.junit4.JUnit4Provider.executeTestSet(JUnit4Provider.java:248)
	at org.apache.maven.surefire.junit4.JUnit4Provider.invoke(JUnit4Provider.java:167)
	at org.apache.maven.surefire.booter.ForkedBooter.runSuitesInProcess(ForkedBooter.java:456)
	at org.apache.maven.surefire.booter.ForkedBooter.execute(ForkedBooter.java:169)
	at org.apache.maven.surefire.booter.ForkedBooter.run(ForkedBooter.java:595)
	at org.apache.maven.surefire.booter.ForkedBooter.main(ForkedBooter.java:581)

